<?xml version="1.0" encoding="UTF-8"?>
<testng-results ignored="0" total="2" passed="2" failed="0" skipped="0">
  <reporter-output>
  </reporter-output>
  <suite started-at="2023-01-09T15:41:53 PKT" name="Suite" finished-at="2023-01-09T15:42:00 PKT" duration-ms="7135">
    <groups>
    </groups>
    <test started-at="2023-01-09T15:41:53 PKT" name="Test" finished-at="2023-01-09T15:42:00 PKT" duration-ms="7135">
      <class name="com.framework.testCase.TC_LoginPage_001">
        <test-method is-config="true" signature="setup(java.lang.String)[pri:0, instance:com.framework.testCase.TC_LoginPage_001@470734c3]" started-at="2023-01-09T15:41:53 PKT" name="setup" finished-at="2023-01-09T15:41:55 PKT" duration-ms="1554" status="PASS">
          <params>
            <param index="0">
              <value>
                <![CDATA[chrome]]>
              </value>
            </param>
          </params>
          <reporter-output>
          </reporter-output>
        </test-method> <!-- setup -->
        <test-method signature="Title()[pri:0, instance:com.framework.testCase.TC_LoginPage_001@470734c3]" started-at="2023-01-09T15:41:55 PKT" name="Title" finished-at="2023-01-09T15:41:55 PKT" duration-ms="13" status="PASS">
          <reporter-output>
          </reporter-output>
        </test-method> <!-- Title -->
        <test-method signature="loginTest()[pri:0, instance:com.framework.testCase.TC_LoginPage_001@470734c3]" started-at="2023-01-09T15:41:55 PKT" name="loginTest" finished-at="2023-01-09T15:42:00 PKT" duration-ms="5346" status="PASS">
          <reporter-output>
          </reporter-output>
        </test-method> <!-- loginTest -->
        <test-method is-config="true" signature="tearDown()[pri:0, instance:com.framework.testCase.TC_LoginPage_001@470734c3]" started-at="2023-01-09T15:42:00 PKT" name="tearDown" finished-at="2023-01-09T15:42:00 PKT" duration-ms="193" status="PASS">
          <reporter-output>
          </reporter-output>
        </test-method> <!-- tearDown -->
      </class> <!-- com.framework.testCase.TC_LoginPage_001 -->
    </test> <!-- Test -->
  </suite> <!-- Suite -->
</testng-results>
